# JRE version: OpenJDK Runtime Environment (17.0.2+8) (build 17.0.2+8-86)
# Java VM: OpenJDK 64-Bit Server VM (17.0.2+8-86, mixed mode, emulated-client, sharing, tiered, compressed oops, compressed class ptrs, g1 gc, windows-amd64)
GC Precious Log:
 CPUs: 8 total, 8 available
 Memory: 8062M
 Large Page Support: Disabled
 NUMA Support: Disabled
 Compressed Oops: Enabled (32-bit)
 Heap Region Size: 1M
 Heap Min Capacity: 8M
 Heap Initial Capacity: 126M
 Heap Max Capacity: 2016M
 Pre-touch: Disabled
 Parallel Workers: 8
 Concurrent Workers: 2
 Concurrent Refinement Workers: 8
 Periodic GC: Disabled
Heap:
 garbage-first heap   total 71680K, used 22593K [0x0000000082000000, 0x0000000100000000)
  region size 1024K, 8 young (8192K), 3 survivors (3072K)
 Metaspace       used 36758K, committed 37120K, reserved 1081344K
  class space    used 5045K, committed 5248K, reserved 1048576K
GC Heap History (14 events):
Event: 0.614 GC heap before
{Heap before GC invocations=0 (full 0):
 garbage-first heap   total 129024K, used 23552K [0x0000000082000000, 0x0000000100000000)
  region size 1024K, 23 young (23552K), 0 survivors (0K)
 Metaspace       used 7492K, committed 7744K, reserved 1056768K
  class space    used 941K, committed 1088K, reserved 1048576K
}
Event: 0.620 GC heap after
{Heap after GC invocations=1 (full 0):
 garbage-first heap   total 129024K, used 7488K [0x0000000082000000, 0x0000000100000000)
  region size 1024K, 3 young (3072K), 3 survivors (3072K)
 Metaspace       used 7492K, committed 7744K, reserved 1056768K
  class space    used 941K, committed 1088K, reserved 1048576K
}
Event: 0.896 GC heap before
{Heap before GC invocations=1 (full 0):
 garbage-first heap   total 129024K, used 34112K [0x0000000082000000, 0x0000000100000000)
  region size 1024K, 30 young (30720K), 3 survivors (3072K)
 Metaspace       used 13699K, committed 13888K, reserved 1064960K
  class space    used 1809K, committed 1920K, reserved 1048576K
}
Event: 0.901 GC heap after
{Heap after GC invocations=2 (full 0):
 garbage-first heap   total 129024K, used 9510K [0x0000000082000000, 0x0000000100000000)
  region size 1024K, 2 young (2048K), 2 survivors (2048K)
 Metaspace       used 13699K, committed 13888K, reserved 1064960K
  class space    used 1809K, committed 1920K, reserved 1048576K
}
Event: 1.585 GC heap before
{Heap before GC invocations=2 (full 0):
 garbage-first heap   total 129024K, used 66854K [0x0000000082000000, 0x0000000100000000)
  region size 1024K, 59 young (60416K), 2 survivors (2048K)
 Metaspace       used 21163K, committed 21504K, reserved 1073152K
  class space    used 2897K, committed 3072K, reserved 1048576K
}
Event: 1.592 GC heap after
{Heap after GC invocations=3 (full 0):
 garbage-first heap   total 129024K, used 14115K [0x0000000082000000, 0x0000000100000000)
  region size 1024K, 7 young (7168K), 7 survivors (7168K)
 Metaspace       used 21163K, committed 21504K, reserved 1073152K
  class space    used 2897K, committed 3072K, reserved 1048576K
}
Event: 1.895 GC heap before
{Heap before GC invocations=4 (full 0):
 garbage-first heap   total 58368K, used 44835K [0x0000000082000000, 0x0000000100000000)
  region size 1024K, 38 young (38912K), 7 survivors (7168K)
 Metaspace       used 25856K, committed 26240K, reserved 1073152K
  class space    used 3526K, committed 3712K, reserved 1048576K
}
Event: 1.901 GC heap after
{Heap after GC invocations=5 (full 0):
 garbage-first heap   total 58368K, used 16367K [0x0000000082000000, 0x0000000100000000)
  region size 1024K, 7 young (7168K), 7 survivors (7168K)
 Metaspace       used 25856K, committed 26240K, reserved 1073152K
  class space    used 3526K, committed 3712K, reserved 1048576K
}
Event: 1.910 GC heap before
{Heap before GC invocations=5 (full 0):
 garbage-first heap   total 58368K, used 17391K [0x0000000082000000, 0x0000000100000000)
  region size 1024K, 8 young (8192K), 7 survivors (7168K)
 Metaspace       used 26088K, committed 26432K, reserved 1073152K
  class space    used 3555K, committed 3712K, reserved 1048576K
}
Event: 1.915 GC heap after
{Heap after GC invocations=6 (full 0):
 garbage-first heap   total 58368K, used 16714K [0x0000000082000000, 0x0000000100000000)
  region size 1024K, 1 young (1024K), 1 survivors (1024K)
 Metaspace       used 26088K, committed 26432K, reserved 1073152K
  class space    used 3555K, committed 3712K, reserved 1048576K
}
Event: 2.184 GC heap before
{Heap before GC invocations=6 (full 0):
 garbage-first heap   total 58368K, used 40266K [0x0000000082000000, 0x0000000100000000)
  region size 1024K, 24 young (24576K), 1 survivors (1024K)
 Metaspace       used 33235K, committed 33600K, reserved 1081344K
  class space    used 4586K, committed 4736K, reserved 1048576K
}
Event: 2.187 GC heap after
{Heap after GC invocations=7 (full 0):
 garbage-first heap   total 116736K, used 18254K [0x0000000082000000, 0x0000000100000000)
  region size 1024K, 3 young (3072K), 3 survivors (3072K)
 Metaspace       used 33235K, committed 33600K, reserved 1081344K
  class space    used 4586K, committed 4736K, reserved 1048576K
}
Event: 2.284 GC heap before
{Heap before GC invocations=7 (full 0):
 garbage-first heap   total 116736K, used 22350K [0x0000000082000000, 0x0000000100000000)
  region size 1024K, 8 young (8192K), 3 survivors (3072K)
 Metaspace       used 35734K, committed 36096K, reserved 1081344K
  class space    used 4917K, committed 5120K, reserved 1048576K
}
Event: 2.286 GC heap after
{Heap after GC invocations=8 (full 0):
 garbage-first heap   total 116736K, used 18497K [0x0000000082000000, 0x0000000100000000)
  region size 1024K, 3 young (3072K), 3 survivors (3072K)
 Metaspace       used 35734K, committed 36096K, reserved 1081344K
  class space    used 4917K, committed 5120K, reserved 1048576K
}

